<?xml version="1.0" encoding="UTF-8"?>
<testng-results skipped="0" failed="0" ignored="0" total="1" passed="1">
  <reporter-output>
  </reporter-output>
  <suite name="Default suite" duration-ms="16157" started-at="2017-03-28T11:10:30Z" finished-at="2017-03-28T11:10:46Z">
    <groups>
    </groups>
    <test name="Default test" duration-ms="16157" started-at="2017-03-28T11:10:30Z" finished-at="2017-03-28T11:10:46Z">
      <class name="com.healthec.pec.test.functional.LoginUC_001">
        <test-method status="PASS" signature="beforeLoginTest()[pri:0, instance:com.healthec.pec.test.functional.LoginUC_001@ae45eb6]" name="beforeLoginTest" is-config="true" duration-ms="11644" started-at="2017-03-28T16:40:30Z" finished-at="2017-03-28T16:40:42Z">
          <reporter-output>
          </reporter-output>
        </test-method> <!-- beforeLoginTest -->
        <test-method status="PASS" signature="loginTC_001()[pri:0, instance:com.healthec.pec.test.functional.LoginUC_001@ae45eb6]" name="loginTC_001" duration-ms="4501" started-at="2017-03-28T16:40:42Z" finished-at="2017-03-28T16:40:46Z">
          <reporter-output>
          </reporter-output>
        </test-method> <!-- loginTC_001 -->
      </class> <!-- com.healthec.pec.test.functional.LoginUC_001 -->
    </test> <!-- Default test -->
  </suite> <!-- Default suite -->
</testng-results>
